=== ROOM DEBUG: test_room ===
Timestamp: 2025-08-01 23:32:33
Room Dimensions: 10x8 tiles
ASCII Representation (2-digit tile indices):
99,99,99,99,99,99,99,99,99,99
99,99,99,99,99,99,99,99,99,99
99,99,99,99,99,99,99,99,99,99
99,99,99,99,99,99,99,99,99,99
99,99,05,06,07,99,99,99,99,99
99,99,99,99,99,99,99,99,99,99
01,02,03,01,02,99,99,99,99,99
99,99,99,99,99,99,99,99,99,99
=== END ROOM DEBUG ===

=== ROOM DEBUG: test_room_2 ===
Timestamp: 2025-08-01 23:32:33
Room Dimensions: 5x5 tiles
ASCII Representation (2-digit tile indices):
99,99,99,99,99
99,99,99,99,99
99,99,99,99,99
99,99,99,99,99
10,11,12,99,99
=== END ROOM DEBUG ===

