=== ROOM DEBUG: test_hex_room ===
Timestamp: 2025-08-02 02:57:00
Room Dimensions: 10x8 tiles
ASCII Representation (2-digit tile indices - decimal):
99,99,99,99,99,99,99,99,99,99
99,99,99,99,99,99,99,99,99,99
99,99,99,99,99,99,99,99,99,99
99,99,99,99,99,255,16,99,99,99
99,99,05,06,07,99,99,99,99,99
99,99,99,99,99,99,99,99,99,99
01,02,03,01,02,99,99,99,99,99
99,99,99,99,99,99,99,99,99,99

ASCII Representation (2-digit tile indices - hexadecimal):
FF,FF,FF,FF,FF,FF,FF,FF,FF,FF
FF,FF,FF,FF,FF,FF,FF,FF,FF,FF
FF,FF,FF,FF,FF,FF,FF,FF,FF,FF
FF,FF,FF,FF,FF,FF,10,FF,FF,FF
FF,FF,05,06,07,FF,FF,FF,FF,FF
FF,FF,FF,FF,FF,FF,FF,FF,FF,FF
01,02,03,01,02,FF,FF,FF,FF,FF
FF,FF,FF,FF,FF,FF,FF,FF,FF,FF

Go Array Format (ready for copy-paste):
levelLayout := [][]int{
	{-1, -1, -1, -1, -1, -1, -1, -1, -1, -1},
	{-1, -1, -1, -1, -1, -1, -1, -1, -1, -1},
	{-1, -1, -1, -1, -1, -1, -1, -1, -1, -1},
	{-1, -1, -1, -1, -1, 0xFF, 0x10, -1, -1, -1},
	{-1, -1, 0x5, 0x6, 0x7, -1, -1, -1, -1, -1},
	{-1, -1, -1, -1, -1, -1, -1, -1, -1, -1},
	{0x1, 0x2, 0x3, 0x1, 0x2, -1, -1, -1, -1, -1},
	{-1, -1, -1, -1, -1, -1, -1, -1, -1, -1}
}
=== END ROOM DEBUG ===

=== ROOM DEBUG: test_hex_room ===
Timestamp: 2025-08-02 02:57:40
Room Dimensions: 10x8 tiles
ASCII Representation (2-digit tile indices - decimal):
99,99,99,99,99,99,99,99,99,99
99,99,99,99,99,99,99,99,99,99
99,99,99,99,99,99,99,99,99,99
99,99,99,99,99,255,16,99,99,99
99,99,05,06,07,99,99,99,99,99
99,99,99,99,99,99,99,99,99,99
01,02,03,01,02,99,99,99,99,99
99,99,99,99,99,99,99,99,99,99

ASCII Representation (2-digit tile indices - hexadecimal):
FF,FF,FF,FF,FF,FF,FF,FF,FF,FF
FF,FF,FF,FF,FF,FF,FF,FF,FF,FF
FF,FF,FF,FF,FF,FF,FF,FF,FF,FF
FF,FF,FF,FF,FF,FF,10,FF,FF,FF
FF,FF,05,06,07,FF,FF,FF,FF,FF
FF,FF,FF,FF,FF,FF,FF,FF,FF,FF
01,02,03,01,02,FF,FF,FF,FF,FF
FF,FF,FF,FF,FF,FF,FF,FF,FF,FF

Go Array Format (ready for copy-paste):
levelLayout := [][]int{
	{-1, -1, -1, -1, -1, -1, -1, -1, -1, -1},
	{-1, -1, -1, -1, -1, -1, -1, -1, -1, -1},
	{-1, -1, -1, -1, -1, -1, -1, -1, -1, -1},
	{-1, -1, -1, -1, -1, 0xFF, 0x10, -1, -1, -1},
	{-1, -1, 0x5, 0x6, 0x7, -1, -1, -1, -1, -1},
	{-1, -1, -1, -1, -1, -1, -1, -1, -1, -1},
	{0x1, 0x2, 0x3, 0x1, 0x2, -1, -1, -1, -1, -1},
	{-1, -1, -1, -1, -1, -1, -1, -1, -1, -1}
}
=== END ROOM DEBUG ===

=== ROOM DEBUG: hex_example ===
Timestamp: 2025-08-02 02:58:11
Room Dimensions: 10x8 tiles
ASCII Representation (2-digit tile indices - decimal):
99,99,99,99,99,99,99,99,99,99
99,99,99,99,99,99,99,99,99,99
99,99,05,06,07,99,99,99,99,99
99,99,99,99,99,99,99,10,11,99
99,99,99,99,99,99,99,99,99,99
01,02,03,01,02,03,01,02,03,01
15,15,15,15,15,15,15,15,15,15
255,255,255,255,255,255,255,255,255,255

ASCII Representation (2-digit tile indices - hexadecimal):
FF,FF,FF,FF,FF,FF,FF,FF,FF,FF
FF,FF,FF,FF,FF,FF,FF,FF,FF,FF
FF,FF,05,06,07,FF,FF,FF,FF,FF
FF,FF,FF,FF,FF,FF,FF,0A,0B,FF
FF,FF,FF,FF,FF,FF,FF,FF,FF,FF
01,02,03,01,02,03,01,02,03,01
0F,0F,0F,0F,0F,0F,0F,0F,0F,0F
FF,FF,FF,FF,FF,FF,FF,FF,FF,FF

Go Array Format (ready for copy-paste):
levelLayout := [][]int{
	{-1, -1, -1, -1, -1, -1, -1, -1, -1, -1},
	{-1, -1, -1, -1, -1, -1, -1, -1, -1, -1},
	{-1, -1, 0x5, 0x6, 0x7, -1, -1, -1, -1, -1},
	{-1, -1, -1, -1, -1, -1, -1, 0xA, 0xB, -1},
	{-1, -1, -1, -1, -1, -1, -1, -1, -1, -1},
	{0x1, 0x2, 0x3, 0x1, 0x2, 0x3, 0x1, 0x2, 0x3, 0x1},
	{0xF, 0xF, 0xF, 0xF, 0xF, 0xF, 0xF, 0xF, 0xF, 0xF},
	{0xFF, 0xFF, 0xFF, 0xFF, 0xFF, 0xFF, 0xFF, 0xFF, 0xFF, 0xFF}
}
=== END ROOM DEBUG ===

